[2017-06-15 23:05:25][Rahbot] Henry has connected to the game
[2017-06-15 23:05:28][Henry] hi
[2017-06-15 23:05:48][Henry] hia
[2017-06-15 23:05:51][Rahbot] Bash command 'eject' executed by Henry
[2017-06-15 23:07:49][Rahbot] Henry has connected to the game
[2017-06-15 23:08:38][Henry] aoidsj
[2017-06-15 23:08:44][Rahbot]  hi
[2017-06-16 08:17:16][Rahbot] Henry has connected to the game
[2017-06-16 08:18:39][Rahbot] Henry has disconnected from the game
[2017-06-16 08:24:15][Rahbot] Henry has connected to the game
[2017-06-16 08:25:17][Rahbot] poi has connected to the game
[2017-06-16 08:25:20][Rahbot] poi has disconnected from the game
[2017-06-16 08:43:06][Rahbot] poi has connected to the game
[2017-06-16 08:44:13][Rahbot] poi has disconnected from the game
[2017-06-16 08:48:02][Rahbot] poi has connected to the game
[2017-06-16 08:50:39][Rahbot] poi has disconnected from the game
[2017-06-16 08:51:23][Rahbot] poi has connected to the game
[2017-06-16 08:51:24][Rahbot] poi has disconnected from the game
[2017-06-16 08:52:45][Rahbot] Rahbot added Kw88 to the whitelist
[2017-06-16 08:52:53][Rahbot] Kw88 has connected to the game
[2017-06-16 08:57:27][Rahbot] Kw88 has disconnected from the game
[2017-06-16 08:57:37][Rahbot] Kw88 has connected to the game
[2017-06-16 08:57:37][Rahbot] Kw88 has disconnected from the game
[2017-06-16 08:58:44][Rahbot] Kw88 has connected to the game
[2017-06-16 08:58:44][Rahbot] Kw88 has disconnected from the game
[2017-06-16 09:14:51][Rahbot] Henry has connected to the game
[2017-06-16 09:15:13][Rahbot] Henry has disconnected from the game
<<<<<<< Updated upstream
[2017-06-16 14:06:53][Rahbot] asd has connected to the game
[2017-06-16 14:07:12][Rahbot] asd has disconnected from the game
[2017-06-16 14:09:35][Rahbot] asd has connected to the game
[2017-06-16 14:15:17][Rahbot] asd has disconnected from the game
[2017-06-16 14:15:44][Rahbot] asd has connected to the game
[2017-06-16 14:17:41][Rahbot] asd has connected to the game
[2017-06-16 14:18:20][Rahbot] asd has disconnected from the game
[2017-06-16 14:18:31][Rahbot] asd has connected to the game
[2017-06-16 14:18:41][Rahbot] asd has disconnected from the game
[2017-06-16 14:19:54][Rahbot] asd has connected to the game
[2017-06-16 14:20:34][Rahbot] asd has connected to the game
[2017-06-16 14:20:55][Rahbot] asd has connected to the game
[2017-06-16 14:21:55][Rahbot] asd has disconnected from the game
[2017-06-16 14:36:42][Rahbot] asd has connected to the game
[2017-06-16 14:37:33][Rahbot] Henry has connected to the game
[2017-06-16 14:38:12][Rahbot] asd has disconnected from the game
[2017-06-16 14:40:32][Rahbot] asd has connected to the game
[2017-06-16 14:40:53][Rahbot] asd has disconnected from the game
[2017-06-16 14:42:40][Rahbot] asd has connected to the game
[2017-06-16 14:43:58][Rahbot] asd has connected to the game
[2017-06-16 14:46:42][Rahbot] asd has connected to the game
[2017-06-16 14:49:01][Rahbot] asd has connected to the game
[2017-06-16 14:53:24][Rahbot] asd has connected to the game
[2017-06-16 14:55:02][Rahbot] asd has connected to the game
[2017-06-16 14:55:37][Rahbot] asd has disconnected from the game
[2017-06-16 14:57:07][Rahbot] asd has connected to the game
[2017-06-16 14:58:44][Rahbot] asd has connected to the game
[2017-06-16 15:00:46][Rahbot] asd has connected to the game
[2017-06-16 15:00:53][Rahbot] Henry has connected to the game
[2017-06-16 15:01:18][Rahbot] Henry has connected to the game
[2017-06-16 15:01:41][Rahbot] Henry has connected to the game
[2017-06-16 15:02:29][Rahbot] asd has disconnected from the game
[2017-06-16 15:03:16][Rahbot] Henry has connected to the game
[2017-06-16 15:03:27][Rahbot] asd has connected to the game
[2017-06-16 15:03:56][Rahbot] asd has connected to the game
[2017-06-16 15:04:42][Rahbot] asd has disconnected from the game
=======
[2017-06-16 12:33:39][Rahbot] Rahbot added bestyasuona to the whitelist
[2017-06-16 12:33:53][Rahbot] bestyasuona has connected to the game
[2017-06-16 12:34:48][Rahbot] bestyasuona has connected to the game
[2017-06-16 12:35:12][Rahbot] bestyasuona has connected to the game
[2017-06-16 12:35:27][Rahbot] bestyasuona has connected to the game
[2017-06-16 12:36:14][Rahbot] bestyasuona has connected to the game
[2017-06-16 13:05:59][Rahbot] bestyasuona has disconnected from the game
>>>>>>> Stashed changes
[2017-06-16 21:37:57][Rahbot] syed_safwaan has connected to the game
[2017-06-16 21:39:31][Rahbot] syed_safwaan has connected to the game
[2017-06-16 21:40:53][Rahbot] syed_safwaan has connected to the game
[2017-06-16 21:40:54][Rahbot] syed_safwaan has disconnected from the game
[2017-06-16 21:41:52][Rahbot] syed_safwaan has connected to the game
[2017-06-16 21:42:27][Rahbot] syed_safwaan has connected to the game
[2017-06-16 21:53:21][Rahbot] syed_safwaan has connected to the game
[2017-06-16 21:53:26][Rahbot] syed_safwaan has disconnected from the game
[2017-06-16 21:54:14][Rahbot] syed_safwaan has connected to the game
[2017-06-16 21:55:16][Rahbot] syed_safwaan has disconnected from the game
[2017-06-16 21:56:28][Rahbot] syed_safwaan has connected to the game
[2017-06-16 21:56:39][Rahbot] syed_safwaan has disconnected from the game
[2017-06-16 21:59:26][Rahbot] syed_safwaan has connected to the game
[2017-06-16 21:59:50][Rahbot] syed_safwaan has disconnected from the game
[2017-06-16 22:00:44][Rahbot] syed_safwaan has connected to the game
[2017-06-16 22:00:56][Rahbot] syed_safwaan has disconnected from the game
[2017-06-16 22:02:51][Rahbot] syed_safwaan has connected to the game
[2017-06-16 22:03:19][Rahbot] syed_safwaan has disconnected from the game
[2017-06-16 22:09:14][Rahbot] syed_safwaan has connected to the game
[2017-06-16 22:09:36][Rahbot] syed_safwaan has disconnected from the game
[2017-06-16 22:10:11][Rahbot] syed_safwaan has connected to the game
[2017-06-16 22:10:20][Rahbot] syed_safwaan has disconnected from the game
[2017-06-16 22:11:17][Rahbot] syed_safwaan has connected to the game
[2017-06-16 22:12:50][Rahbot] syed_safwaan has disconnected from the game
[2017-06-16 22:15:02][Rahbot] syed_safwaan has connected to the game
[2017-06-16 22:16:16][Rahbot] syed_safwaan has disconnected from the game
[2017-06-16 22:16:55][Rahbot] syed_safwaan has connected to the game
[2017-06-16 22:17:04][Rahbot] syed_safwaan has disconnected from the game
[2017-06-16 22:17:42][Rahbot] syed_safwaan has connected to the game
[2017-06-16 22:17:49][Rahbot] syed_safwaan has disconnected from the game
[2017-06-16 22:18:16][Rahbot] syed_safwaan has connected to the game
[2017-06-16 22:18:20][Rahbot] syed_safwaan has disconnected from the game
[2017-06-16 22:18:42][Rahbot] syed_safwaan has connected to the game
[2017-06-16 22:19:02][Rahbot] syed_safwaan has disconnected from the game
[2017-06-16 22:19:31][Rahbot] syed_safwaan has connected to the game
[2017-06-16 22:19:51][Rahbot] syed_safwaan has disconnected from the game
[2017-06-16 22:21:40][Rahbot] syed_safwaan has connected to the game
[2017-06-16 22:22:13][Rahbot] syed_safwaan has disconnected from the game
[2017-06-16 22:24:18][Rahbot] syed_safwaan has connected to the game
[2017-06-16 22:24:26][Rahbot] syed_safwaan has disconnected from the game
[2017-06-16 22:27:42][Rahbot] syed_safwaan has connected to the game
[2017-06-16 22:27:48][Rahbot] syed_safwaan has disconnected from the game
[2017-06-16 22:28:56][Rahbot] syed_safwaan has connected to the game
[2017-06-16 22:29:05][Rahbot] syed_safwaan has disconnected from the game
[2017-06-16 22:29:54][Rahbot] syed_safwaan has connected to the game
[2017-06-16 22:30:15][Rahbot] syed_safwaan has disconnected from the game
[2017-06-16 22:31:23][Rahbot] syed_safwaan has connected to the game
[2017-06-16 22:31:35][Rahbot] syed_safwaan has disconnected from the game
[2017-06-16 22:31:56][Rahbot] syed_safwaan has connected to the game
[2017-06-16 22:32:01][Rahbot] syed_safwaan has disconnected from the game
[2017-06-16 22:32:59][Rahbot] syed_safwaan has connected to the game
[2017-06-16 22:33:13][Rahbot] syed_safwaan has disconnected from the game
[2017-06-16 22:34:04][Rahbot] syed_safwaan has connected to the game
[2017-06-16 22:34:09][Rahbot] syed_safwaan has disconnected from the game
[2017-06-16 22:34:32][Rahbot] syed_safwaan has connected to the game
[2017-06-16 22:34:35][Rahbot] syed_safwaan has disconnected from the game
[2017-06-16 22:36:35][Rahbot] syed_safwaan has connected to the game
[2017-06-16 22:37:54][Rahbot] syed_safwaan has connected to the game
[2017-06-16 22:38:50][Rahbot] syed_safwaan has disconnected from the game
[2017-06-16 22:42:47][Rahbot] syed_safwaan has connected to the game
[2017-06-16 22:42:58][Rahbot] syed_safwaan has disconnected from the game
[2017-06-16 22:44:54][Rahbot] syed_safwaan has connected to the game
[2017-06-16 22:45:43][Rahbot] syed_safwaan has disconnected from the game
[2017-06-16 22:46:55][Rahbot] syed_safwaan has connected to the game
[2017-06-16 22:47:41][Rahbot] syed_safwaan has disconnected from the game
[2017-06-16 22:48:39][Rahbot] syed_safwaan has connected to the game
[2017-06-16 22:50:21][Rahbot] syed_safwaan has disconnected from the game
[2017-06-16 22:55:11][Rahbot] syed_safwaan has connected to the game
[2017-06-16 22:55:31][Rahbot] syed_safwaan has disconnected from the game
[2017-06-16 22:56:37][Rahbot] syed_safwaan has connected to the game
[2017-06-16 22:56:40][Rahbot] syed_safwaan has disconnected from the game
[2017-06-16 22:57:12][Rahbot] syed_safwaan has connected to the game
[2017-06-16 22:58:46][Rahbot] syed_safwaan has disconnected from the game
[2017-06-16 22:58:50][Rahbot] syed_safwaan has connected to the game
[2017-06-16 22:59:00][Rahbot] syed_safwaan has disconnected from the game
[2017-06-16 22:59:53][Rahbot] syed_safwaan has connected to the game
[2017-06-16 23:00:39][Rahbot] syed_safwaan has disconnected from the game
[2017-06-16 23:00:42][Rahbot] syed_safwaan has connected to the game
[2017-06-16 23:01:10][Rahbot] syed_safwaan has disconnected from the game
[2017-06-16 23:01:45][Rahbot] syed_safwaan has connected to the game
[2017-06-16 23:02:27][Rahbot] syed_safwaan has disconnected from the game
[2017-06-16 23:02:58][Rahbot] syed_safwaan has connected to the game
[2017-06-16 23:04:08][Rahbot] syed_safwaan has disconnected from the game
[2017-06-16 23:06:18][Rahbot] syed_safwaan has connected to the game
[2017-06-16 23:06:23][Rahbot] syed_safwaan has disconnected from the game
[2017-06-16 23:10:07][Rahbot] syed_safwaan has connected to the game
[2017-06-16 23:10:22][Rahbot] syed_safwaan has disconnected from the game
[2017-06-16 23:12:11][Rahbot] syed_safwaan has connected to the game
[2017-06-16 23:12:20][Rahbot] syed_safwaan has disconnected from the game
[2017-06-16 23:13:05][Rahbot] syed_safwaan has connected to the game
[2017-06-16 23:13:58][Rahbot] syed_safwaan has connected to the game
[2017-06-16 23:14:04][Rahbot] syed_safwaan has disconnected from the game
[2017-06-16 23:16:27][Rahbot] syed_safwaan has connected to the game
[2017-06-16 23:16:36][Rahbot] syed_safwaan has disconnected from the game
[2017-06-16 23:17:45][Rahbot] syed_safwaan has connected to the game
[2017-06-16 23:17:54][Rahbot] syed_safwaan has disconnected from the game
[2017-06-16 23:19:37][Rahbot] syed_safwaan has connected to the game
[2017-06-16 23:19:50][Rahbot] syed_safwaan has disconnected from the game
[2017-06-16 23:20:43][Rahbot] syed_safwaan has connected to the game
[2017-06-16 23:21:02][Rahbot] syed_safwaan has disconnected from the game
[2017-06-16 23:21:29][Rahbot] syed_safwaan has connected to the game
[2017-06-16 23:21:38][Rahbot] syed_safwaan has disconnected from the game
[2017-06-16 23:22:11][Rahbot] syed_safwaan has connected to the game
[2017-06-16 23:22:15][Rahbot] syed_safwaan has disconnected from the game
[2017-06-16 23:22:48][Rahbot] syed_safwaan has connected to the game
[2017-06-16 23:22:51][Rahbot] syed_safwaan has disconnected from the game
[2017-06-16 23:23:13][Rahbot] syed_safwaan has connected to the game
[2017-06-16 23:23:18][Rahbot] syed_safwaan has disconnected from the game
[2017-06-16 23:23:49][Rahbot] syed_safwaan has connected to the game
[2017-06-16 23:23:59][Rahbot] syed_safwaan has disconnected from the game
[2017-06-16 23:24:28][Rahbot] syed_safwaan has connected to the game
[2017-06-16 23:24:31][Rahbot] syed_safwaan has disconnected from the game
[2017-06-16 23:25:00][Rahbot] syed_safwaan has connected to the game
[2017-06-16 23:25:08][Rahbot] syed_safwaan has disconnected from the game
[2017-06-16 23:25:34][Rahbot] syed_safwaan has connected to the game
[2017-06-16 23:25:37][Rahbot] syed_safwaan has disconnected from the game
[2017-06-16 23:26:03][Rahbot] syed_safwaan has connected to the game
[2017-06-16 23:26:07][Rahbot] syed_safwaan has disconnected from the game
[2017-06-16 23:30:26][Rahbot] syed_safwaan has connected to the game
[2017-06-16 23:30:53][Rahbot] syed_safwaan has disconnected from the game
[2017-06-16 23:33:23][Rahbot] syed_safwaan has connected to the game
[2017-06-16 23:33:32][Rahbot] syed_safwaan has disconnected from the game
[2017-06-16 23:35:59][Rahbot] syed_safwaan has connected to the game
[2017-06-16 23:36:25][Rahbot] syed_safwaan has disconnected from the game
[2017-06-16 23:36:56][Rahbot] syed_safwaan has connected to the game
[2017-06-16 23:37:02][Rahbot] syed_safwaan has disconnected from the game
[2017-06-16 23:37:21][Rahbot] syed_safwaan has connected to the game
[2017-06-16 23:38:10][Rahbot] syed_safwaan has disconnected from the game
[2017-06-16 23:38:47][Rahbot] syed_safwaan has connected to the game
[2017-06-16 23:38:54][Rahbot] syed_safwaan has disconnected from the game
[2017-06-16 23:39:21][Rahbot] syed_safwaan has connected to the game
[2017-06-16 23:40:33][Rahbot] syed_safwaan has disconnected from the game
[2017-06-16 23:43:43][Rahbot] syed_safwaan has connected to the game
[2017-06-16 23:44:00][Rahbot] syed_safwaan has disconnected from the game
[2017-06-16 23:44:32][Rahbot] syed_safwaan has connected to the game
[2017-06-16 23:45:41][Rahbot] syed_safwaan has disconnected from the game
